<?xml version="1.0" encoding="UTF-8"?>
<testsuite xmlns:xsi="http://www.w3.org/2001/XMLSchema-instance" xsi:noNamespaceSchemaLocation="https://maven.apache.org/surefire/maven-surefire-plugin/xsd/surefire-test-report.xsd" version="3.0.2" name="yash.s.project.Airline.Reservation.System.Yash.AirlineReservationSystemYashApplicationTests" time="10.458" tests="1" errors="0" skipped="0" failures="0">
  <properties>
[...]
</properties>
  <testcase name="contextLoads" classname="yash.s.project.Airline.Reservation.System.Yash.AirlineReservationSystemYashApplicationTests" time="1.309">
    <system-out><![CDATA[11:27:32.896 [main] INFO org.springframework.test.context.support.AnnotationConfigContextLoaderUtils -- Could not detect default configuration classes for test class [yash.s.project.Airline.Reservation.System.Yash.AirlineReservationSystemYashApplicationTests]: AirlineReservationSystemYashApplicationTests does not declare any static, non-private, non-final, nested classes annotated with @Configuration.
11:27:33.192 [main] INFO org.springframework.boot.test.context.SpringBootTestContextBootstrapper -- Found @SpringBootConfiguration yash.s.project.Airline.Reservation.System.Yash.AirlineReservationSystemYashApplication for test class yash.s.project.Airline.Reservation.System.Yash.AirlineReservationSystemYashApplicationTests

  .   ____          _            __ _ _
 /\\ / ___'_ __ _ _(_)_ __  __ _ \ \ \ \
( ( )\___ | '_ | '_| | '_ \/ _` | \ \ \ \
 \\/  ___)| |_)| | | | | || (_| |  ) ) ) )
  '  |____| .__|_| |_|_| |_\__, | / / / /
 =========|_|==============|___/=/_/_/_/

 :: Spring Boot ::                (v3.4.4)

2025-04-05T11:27:34.223+05:30  INFO 20320 --- [Airline-Reservation-System-Yash] [           main] ineReservationSystemYashApplicationTests : Starting AirlineReservationSystemYashApplicationTests using Java 22.0.2 with PID 20320 (started by gupta in C:\Users\gupta\Downloads\Airline Reservation System Yash\Airline-Reservation-System-Yash)
2025-04-05T11:27:34.225+05:30  INFO 20320 --- [Airline-Reservation-System-Yash] [           main] ineReservationSystemYashApplicationTests : No active profile set, falling back to 1 default profile: "default"
2025-04-05T11:27:35.498+05:30  INFO 20320 --- [Airline-Reservation-System-Yash] [           main] .s.d.r.c.RepositoryConfigurationDelegate : Bootstrapping Spring Data MongoDB repositories in DEFAULT mode.
2025-04-05T11:27:35.628+05:30  INFO 20320 --- [Airline-Reservation-System-Yash] [           main] .s.d.r.c.RepositoryConfigurationDelegate : Finished Spring Data repository scanning in 117 ms. Found 4 MongoDB repository interfaces.
2025-04-05T11:27:36.927+05:30  INFO 20320 --- [Airline-Reservation-System-Yash] [           main] org.mongodb.driver.client                : MongoClient with metadata {"application": {"name": "Cluster0"}, "driver": {"name": "mongo-java-driver|sync|spring-boot", "version": "5.2.1"}, "os": {"type": "Windows", "name": "Windows 11", "architecture": "amd64", "version": "10.0"}, "platform": "Java/Oracle Corporation/22.0.2+9-70"} created with settings MongoClientSettings{readPreference=primary, writeConcern=WriteConcern{w=majority, wTimeout=null ms, journal=null}, retryWrites=true, retryReads=true, readConcern=ReadConcern{level=null}, credential=MongoCredential{mechanism=null, userName='guptay9669', source='admin', password=<hidden>, mechanismProperties=<hidden>}, transportSettings=null, commandListeners=[], codecRegistry=ProvidersCodecRegistry{codecProviders=[ValueCodecProvider{}, BsonValueCodecProvider{}, DBRefCodecProvider{}, DBObjectCodecProvider{}, DocumentCodecProvider{}, CollectionCodecProvider{}, IterableCodecProvider{}, MapCodecProvider{}, GeoJsonCodecProvider{}, GridFSFileCodecProvider{}, Jsr310CodecProvider{}, JsonObjectCodecProvider{}, BsonCodecProvider{}, EnumCodecProvider{}, com.mongodb.client.model.mql.ExpressionCodecProvider@4bb1b96b, com.mongodb.Jep395RecordCodecProvider@1bbddada, com.mongodb.KotlinCodecProvider@1f66d8e1]}, loggerSettings=LoggerSettings{maxDocumentLength=1000}, clusterSettings={hosts=[127.0.0.1:27017], srvHost=cluster0.l9bb2.mongodb.net, srvServiceName=mongodb, mode=MULTIPLE, requiredClusterType=REPLICA_SET, requiredReplicaSetName='atlas-2yj52g-shard-0', serverSelector='null', clusterListeners='[]', serverSelectionTimeout='30000 ms', localThreshold='15 ms'}, socketSettings=SocketSettings{connectTimeoutMS=10000, readTimeoutMS=0, receiveBufferSize=0, proxySettings=ProxySettings{host=null, port=null, username=null, password=null}}, heartbeatSocketSettings=SocketSettings{connectTimeoutMS=10000, readTimeoutMS=10000, receiveBufferSize=0, proxySettings=ProxySettings{host=null, port=null, username=null, password=null}}, connectionPoolSettings=ConnectionPoolSettings{maxSize=100, minSize=0, maxWaitTimeMS=120000, maxConnectionLifeTimeMS=0, maxConnectionIdleTimeMS=0, maintenanceInitialDelayMS=0, maintenanceFrequencyMS=60000, connectionPoolListeners=[], maxConnecting=2}, serverSettings=ServerSettings{heartbeatFrequencyMS=10000, minHeartbeatFrequencyMS=500, serverMonitoringMode=AUTO, serverListeners='[]', serverMonitorListeners='[]'}, sslSettings=SslSettings{enabled=true, invalidHostNameAllowed=false, context=null}, applicationName='Cluster0', compressorList=[], uuidRepresentation=JAVA_LEGACY, serverApi=null, autoEncryptionSettings=null, dnsClient=null, inetAddressResolver=null, contextProvider=null, timeoutMS=null}
2025-04-05T11:27:36.967+05:30  INFO 20320 --- [Airline-Reservation-System-Yash] [bb2.mongodb.net] org.mongodb.driver.cluster               : Adding discovered server cluster0-shard-00-02.l9bb2.mongodb.net:27017 to client view of cluster
2025-04-05T11:27:37.019+05:30  INFO 20320 --- [Airline-Reservation-System-Yash] [bb2.mongodb.net] org.mongodb.driver.cluster               : Adding discovered server cluster0-shard-00-00.l9bb2.mongodb.net:27017 to client view of cluster
2025-04-05T11:27:37.024+05:30  INFO 20320 --- [Airline-Reservation-System-Yash] [bb2.mongodb.net] org.mongodb.driver.cluster               : Adding discovered server cluster0-shard-00-01.l9bb2.mongodb.net:27017 to client view of cluster
2025-04-05T11:27:37.523+05:30  INFO 20320 --- [Airline-Reservation-System-Yash] [           main] org.mongodb.driver.cluster               : Waiting for server to become available for operation with ID 5. Remaining time: 29982 ms. Selector: WritableServerSelector, topology description: {type=REPLICA_SET, servers=[{address=cluster0-shard-00-00.l9bb2.mongodb.net:27017, type=UNKNOWN, state=CONNECTING}, {address=cluster0-shard-00-02.l9bb2.mongodb.net:27017, type=UNKNOWN, state=CONNECTING}, {address=cluster0-shard-00-01.l9bb2.mongodb.net:27017, type=UNKNOWN, state=CONNECTING}].
2025-04-05T11:27:38.168+05:30  INFO 20320 --- [Airline-Reservation-System-Yash] [ngodb.net:27017] org.mongodb.driver.cluster               : Monitor thread successfully connected to server with description ServerDescription{address=cluster0-shard-00-02.l9bb2.mongodb.net:27017, type=REPLICA_SET_PRIMARY, cryptd=false, state=CONNECTED, ok=true, minWireVersion=0, maxWireVersion=25, maxDocumentSize=16777216, logicalSessionTimeoutMinutes=30, roundTripTimeNanos=552783100, minRoundTripTimeNanos=0, setName='atlas-2yj52g-shard-0', canonicalAddress=cluster0-shard-00-02.l9bb2.mongodb.net:27017, hosts=[cluster0-shard-00-01.l9bb2.mongodb.net:27017, cluster0-shard-00-00.l9bb2.mongodb.net:27017, cluster0-shard-00-02.l9bb2.mongodb.net:27017], passives=[], arbiters=[], primary='cluster0-shard-00-02.l9bb2.mongodb.net:27017', tagSet=TagSet{[Tag{name='availabilityZone', value='aps1-az2'}, Tag{name='diskState', value='READY'}, Tag{name='nodeType', value='ELECTABLE'}, Tag{name='provider', value='AWS'}, Tag{name='region', value='AP_SOUTH_1'}, Tag{name='workloadType', value='OPERATIONAL'}]}, electionId=7fffffff000000000000028d, setVersion=192, topologyVersion=TopologyVersion{processId=67ed4e3a38cf6fefe1c45690, counter=6}, lastWriteDate=Sat Apr 05 11:27:34 IST 2025, lastUpdateTimeNanos=522769090645100}
2025-04-05T11:27:38.168+05:30  INFO 20320 --- [Airline-Reservation-System-Yash] [ngodb.net:27017] org.mongodb.driver.cluster               : Monitor thread successfully connected to server with description ServerDescription{address=cluster0-shard-00-01.l9bb2.mongodb.net:27017, type=REPLICA_SET_SECONDARY, cryptd=false, state=CONNECTED, ok=true, minWireVersion=0, maxWireVersion=25, maxDocumentSize=16777216, logicalSessionTimeoutMinutes=30, roundTripTimeNanos=522839700, minRoundTripTimeNanos=0, setName='atlas-2yj52g-shard-0', canonicalAddress=cluster0-shard-00-01.l9bb2.mongodb.net:27017, hosts=[cluster0-shard-00-01.l9bb2.mongodb.net:27017, cluster0-shard-00-00.l9bb2.mongodb.net:27017, cluster0-shard-00-02.l9bb2.mongodb.net:27017], passives=[], arbiters=[], primary='cluster0-shard-00-02.l9bb2.mongodb.net:27017', tagSet=TagSet{[Tag{name='availabilityZone', value='aps1-az3'}, Tag{name='diskState', value='READY'}, Tag{name='nodeType', value='ELECTABLE'}, Tag{name='provider', value='AWS'}, Tag{name='region', value='AP_SOUTH_1'}, Tag{name='workloadType', value='OPERATIONAL'}]}, electionId=null, setVersion=192, topologyVersion=TopologyVersion{processId=67ed51b75a5b4786c1c67145, counter=3}, lastWriteDate=Sat Apr 05 11:27:34 IST 2025, lastUpdateTimeNanos=522769090832000}
2025-04-05T11:27:38.169+05:30  INFO 20320 --- [Airline-Reservation-System-Yash] [ngodb.net:27017] org.mongodb.driver.cluster               : Monitor thread successfully connected to server with description ServerDescription{address=cluster0-shard-00-00.l9bb2.mongodb.net:27017, type=REPLICA_SET_SECONDARY, cryptd=false, state=CONNECTED, ok=true, minWireVersion=0, maxWireVersion=25, maxDocumentSize=16777216, logicalSessionTimeoutMinutes=30, roundTripTimeNanos=552783200, minRoundTripTimeNanos=0, setName='atlas-2yj52g-shard-0', canonicalAddress=cluster0-shard-00-00.l9bb2.mongodb.net:27017, hosts=[cluster0-shard-00-01.l9bb2.mongodb.net:27017, cluster0-shard-00-00.l9bb2.mongodb.net:27017, cluster0-shard-00-02.l9bb2.mongodb.net:27017], passives=[], arbiters=[], primary='cluster0-shard-00-02.l9bb2.mongodb.net:27017', tagSet=TagSet{[Tag{name='availabilityZone', value='aps1-az1'}, Tag{name='diskState', value='READY'}, Tag{name='nodeType', value='ELECTABLE'}, Tag{name='provider', value='AWS'}, Tag{name='region', value='AP_SOUTH_1'}, Tag{name='workloadType', value='OPERATIONAL'}]}, electionId=null, setVersion=192, topologyVersion=TopologyVersion{processId=67ed473144023b2f2f7e7153, counter=4}, lastWriteDate=Sat Apr 05 11:27:34 IST 2025, lastUpdateTimeNanos=522769090645000}
2025-04-05T11:27:38.175+05:30  INFO 20320 --- [Airline-Reservation-System-Yash] [ngodb.net:27017] org.mongodb.driver.cluster               : Discovered replica set primary cluster0-shard-00-02.l9bb2.mongodb.net:27017 with max election id 7fffffff000000000000028d and max set version 192
2025-04-05T11:27:40.096+05:30  INFO 20320 --- [Airline-Reservation-System-Yash] [           main] r$InitializeUserDetailsManagerConfigurer : Global AuthenticationManager configured with UserDetailsService bean with name userDetailServiceImpl
2025-04-05T11:27:40.759+05:30  WARN 20320 --- [Airline-Reservation-System-Yash] [           main] thorizationManagerRequestMatcherRegistry : One of the patterns in [create/user/**] is missing a leading slash. This is discouraged; please include the leading slash in all your request matcher patterns. In future versions of Spring Security, leaving out the leading slash will result in an exception.
2025-04-05T11:27:41.379+05:30  WARN 20320 --- [Airline-Reservation-System-Yash] [           main] ion$DefaultTemplateResolverConfiguration : Cannot find template location: classpath:/templates/ (please add some templates, check your Thymeleaf configuration, or set spring.thymeleaf.check-template-location=false)
2025-04-05T11:27:41.620+05:30  INFO 20320 --- [Airline-Reservation-System-Yash] [           main] ineReservationSystemYashApplicationTests : Started AirlineReservationSystemYashApplicationTests in 8.041 seconds (process running for 10.113)
]]></system-out>
    <system-err><![CDATA[Mockito is currently self-attaching to enable the inline-mock-maker. This will no longer work in future releases of the JDK. Please add Mockito as an agent to your build what is described in Mockito's documentation: https://javadoc.io/doc/org.mockito/mockito-core/latest/org/mockito/Mockito.html#0.3
WARNING: A Java agent has been loaded dynamically (C:\Users\gupta\.m2\repository\net\bytebuddy\byte-buddy-agent\1.15.11\byte-buddy-agent-1.15.11.jar)
WARNING: If a serviceability tool is in use, please run with -XX:+EnableDynamicAgentLoading to hide this warning
WARNING: If a serviceability tool is not in use, please run with -Djdk.instrument.traceUsage for more information
WARNING: Dynamic loading of agents will be disallowed by default in a future release
]]></system-err>
  </testcase>
</testsuite>